Using pre-set license

 COMMAND LINE ARGUMENTS:
/Applications/Unity/Hub/Editor/2020.3.2f1/Unity.app/Contents/MacOS/Unity
-adb2
-batchMode
-noUpm
-name
AssetImportWorker1
-projectPath
/Users/junior/CISC3667/PlaneGame
-logFile
Logs/AssetImportWorker1.log
-srvPort
64776
Successfully changed project path to: /Users/junior/CISC3667/PlaneGame
/Users/junior/CISC3667/PlaneGame
Using Asset Import Pipeline V2.
Refreshing native plugins compatible for Editor in 57.55 ms, found 2 plugins.
Preloading 0 native plugins for Editor in 0.00 ms.
Initialize engine version: 2020.3.2f1 (8fd9074bf66c)
[Subsystems] Discovering subsystems at path /Applications/Unity/Hub/Editor/2020.3.2f1/Unity.app/Contents/Resources/UnitySubsystems
[Subsystems] Discovering subsystems at path /Users/junior/CISC3667/PlaneGame/Assets
GfxDevice: creating device client; threaded=0
2021-05-11 03:45:56.949 Unity[82366:1370340] Color LCD preferred device: Intel(R) Iris(TM) Plus Graphics (low power)
2021-05-11 03:45:56.949 Unity[82366:1370340] Metal devices available: 1
2021-05-11 03:45:56.949 Unity[82366:1370340] 0: Intel(R) Iris(TM) Plus Graphics (low power)
2021-05-11 03:45:56.949 Unity[82366:1370340] Using device Intel(R) Iris(TM) Plus Graphics (low power)
Initializing Metal device caps: Intel(R) Iris(TM) Plus Graphics
Initialize mono
Mono path[0] = '/Applications/Unity/Hub/Editor/2020.3.2f1/Unity.app/Contents/Managed'
Mono path[1] = '/Applications/Unity/Hub/Editor/2020.3.2f1/Unity.app/Contents/MonoBleedingEdge/lib/mono/unityjit'
Mono config path = '/Applications/Unity/Hub/Editor/2020.3.2f1/Unity.app/Contents/MonoBleedingEdge/etc'
Using monoOptions --debugger-agent=transport=dt_socket,embedding=1,server=y,suspend=n,address=127.0.0.1:56366
Begin MonoManager ReloadAssembly
Registering precompiled unity dll's ...
Register platform support module: /Applications/Unity/Hub/Editor/2020.3.2f1/PlaybackEngines/WebGLSupport/UnityEditor.WebGL.Extensions.dll
Register platform support module: /Applications/Unity/Hub/Editor/2020.3.2f1/Unity.app/Contents/PlaybackEngines/MacStandaloneSupport/UnityEditor.OSXStandalone.Extensions.dll
Registered in 0.000760 seconds.
Native extension for OSXStandalone target not found
Native extension for WebGL target not found
Refreshing native plugins compatible for Editor in 40.83 ms, found 2 plugins.
Preloading 0 native plugins for Editor in 0.00 ms.
Invoked RoslynAnalysisRunner static constructor.
RoslynAnalysisRunner will not be running.
RoslynAnalysisRunner has terminated.
Mono: successfully reloaded assembly
- Completed reload, in  2.473 seconds
Platform modules already initialized, skipping
Registering precompiled user dll's ...
Registered in 0.000803 seconds.
Begin MonoManager ReloadAssembly
Native extension for OSXStandalone target not found
Native extension for WebGL target not found
Refreshing native plugins compatible for Editor in 43.68 ms, found 2 plugins.
Preloading 0 native plugins for Editor in 0.00 ms.
Invoked RoslynAnalysisRunner static constructor.
RoslynAnalysisRunner will not be running.
RoslynAnalysisRunner has terminated.
Mono: successfully reloaded assembly
- Completed reload, in  1.356 seconds
Platform modules already initialized, skipping
========================================================================
Worker process is ready to serve import requests
Launching external process: /Applications/Unity/Hub/Editor/2020.3.2f1/Unity.app/Contents/Tools/UnityShaderCompiler
Launched and connected shader compiler UnityShaderCompiler after 0.03 seconds
Refreshing native plugins compatible for Editor in 0.36 ms, found 2 plugins.
Preloading 0 native plugins for Editor in 0.00 ms.
Unloading 1820 Unused Serialized files (Serialized files now loaded: 0)
System memory in use before: 143.4 MB.
System memory in use after: 143.4 MB.

Unloading 23 unused Assets to reduce memory usage. Loaded Objects now: 2266.
Total: 2.805976 ms (FindLiveObjects: 0.205852 ms CreateObjectMapping: 0.063527 ms MarkObjects: 2.388134 ms  DeleteObjects: 0.147225 ms)

========================================================================
Received Import Request.
  path: Assets/Scenes/Level2.unity
  artifactKey: Guid(b6a237c1d221d4b78ba00d0b4de06e77) Importer(815301076,1909f56bfc062723c751e8b465ee728b)
Start importing Assets/Scenes/Level2.unity using Guid(b6a237c1d221d4b78ba00d0b4de06e77) Importer(815301076,1909f56bfc062723c751e8b465ee728b)  -> (artifact id: '52eb48b3f867064c11754a061ac8175f') in 0.011243 seconds
  Import took 0.015575 seconds .

========================================================================
Received Prepare
Registering precompiled user dll's ...
Registered in 0.006368 seconds.
Begin MonoManager ReloadAssembly
Native extension for OSXStandalone target not found
Native extension for WebGL target not found
Refreshing native plugins compatible for Editor in 0.51 ms, found 2 plugins.
Preloading 0 native plugins for Editor in 0.00 ms.
Invoked RoslynAnalysisRunner static constructor.
RoslynAnalysisRunner will not be running.
RoslynAnalysisRunner has terminated.
Mono: successfully reloaded assembly
- Completed reload, in  1.916 seconds
Platform modules already initialized, skipping
Refreshing native plugins compatible for Editor in 0.71 ms, found 2 plugins.
Preloading 0 native plugins for Editor in 0.00 ms.
Unloading 1815 Unused Serialized files (Serialized files now loaded: 0)
System memory in use before: 143.5 MB.
System memory in use after: 143.5 MB.

Unloading 12 unused Assets to reduce memory usage. Loaded Objects now: 2270.
Total: 6.655189 ms (FindLiveObjects: 1.668425 ms CreateObjectMapping: 0.197021 ms MarkObjects: 4.479906 ms  DeleteObjects: 0.306773 ms)

========================================================================
Received Prepare
Registering precompiled user dll's ...
Registered in 0.003050 seconds.
Begin MonoManager ReloadAssembly
Native extension for OSXStandalone target not found
Native extension for WebGL target not found
Refreshing native plugins compatible for Editor in 0.98 ms, found 2 plugins.
Preloading 0 native plugins for Editor in 0.00 ms.
Invoked RoslynAnalysisRunner static constructor.
RoslynAnalysisRunner will not be running.
RoslynAnalysisRunner has terminated.
Mono: successfully reloaded assembly
- Completed reload, in  3.513 seconds
Platform modules already initialized, skipping
Refreshing native plugins compatible for Editor in 0.35 ms, found 2 plugins.
Preloading 0 native plugins for Editor in 0.00 ms.
Unloading 1815 Unused Serialized files (Serialized files now loaded: 0)
System memory in use before: 143.8 MB.
System memory in use after: 143.8 MB.

Unloading 12 unused Assets to reduce memory usage. Loaded Objects now: 2274.
Total: 2.465994 ms (FindLiveObjects: 0.231951 ms CreateObjectMapping: 0.095770 ms MarkObjects: 1.987435 ms  DeleteObjects: 0.149031 ms)

========================================================================
Received Import Request.
  Time since last request: 227.703961 seconds.
  path: Assets/Scenes/Game.unity
  artifactKey: Guid(058cadb79b4f7492fbe214ebeccf9cbb) Importer(815301076,1909f56bfc062723c751e8b465ee728b)
Start importing Assets/Scenes/Game.unity using Guid(058cadb79b4f7492fbe214ebeccf9cbb) Importer(815301076,1909f56bfc062723c751e8b465ee728b)  -> (artifact id: 'bf0d879b89efbfb8417523eea4e7182c') in 0.046683 seconds
  Import took 0.056844 seconds .

========================================================================
Received Prepare
Registering precompiled user dll's ...
Registered in 0.003383 seconds.
Begin MonoManager ReloadAssembly
Native extension for OSXStandalone target not found
Native extension for WebGL target not found
Refreshing native plugins compatible for Editor in 0.38 ms, found 2 plugins.
Preloading 0 native plugins for Editor in 0.00 ms.
Invoked RoslynAnalysisRunner static constructor.
RoslynAnalysisRunner will not be running.
RoslynAnalysisRunner has terminated.
Mono: successfully reloaded assembly
- Completed reload, in  1.432 seconds
Platform modules already initialized, skipping
Refreshing native plugins compatible for Editor in 0.52 ms, found 2 plugins.
Preloading 0 native plugins for Editor in 0.00 ms.
Unloading 1815 Unused Serialized files (Serialized files now loaded: 0)
System memory in use before: 144.0 MB.
System memory in use after: 144.0 MB.

Unloading 12 unused Assets to reduce memory usage. Loaded Objects now: 2278.
Total: 3.436350 ms (FindLiveObjects: 0.387390 ms CreateObjectMapping: 0.105480 ms MarkObjects: 2.758978 ms  DeleteObjects: 0.181959 ms)

========================================================================
Received Prepare
Registering precompiled user dll's ...
Registered in 0.000701 seconds.
Begin MonoManager ReloadAssembly
Native extension for OSXStandalone target not found
Native extension for WebGL target not found
Refreshing native plugins compatible for Editor in 0.51 ms, found 2 plugins.
Preloading 0 native plugins for Editor in 0.00 ms.
Invoked RoslynAnalysisRunner static constructor.
RoslynAnalysisRunner will not be running.
RoslynAnalysisRunner has terminated.
Mono: successfully reloaded assembly
- Completed reload, in  1.520 seconds
Platform modules already initialized, skipping
Refreshing native plugins compatible for Editor in 0.39 ms, found 2 plugins.
Preloading 0 native plugins for Editor in 0.00 ms.
Unloading 1815 Unused Serialized files (Serialized files now loaded: 0)
System memory in use before: 144.2 MB.
System memory in use after: 144.2 MB.

Unloading 12 unused Assets to reduce memory usage. Loaded Objects now: 2282.
Total: 2.308967 ms (FindLiveObjects: 0.444956 ms CreateObjectMapping: 0.082531 ms MarkObjects: 1.648882 ms  DeleteObjects: 0.130861 ms)

========================================================================
Received Import Request.
  Time since last request: 70.876908 seconds.
  path: Assets/Scenes/Level2.unity
  artifactKey: Guid(b6a237c1d221d4b78ba00d0b4de06e77) Importer(815301076,1909f56bfc062723c751e8b465ee728b)
Start importing Assets/Scenes/Level2.unity using Guid(b6a237c1d221d4b78ba00d0b4de06e77) Importer(815301076,1909f56bfc062723c751e8b465ee728b)  -> (artifact id: 'c0daa36c62878e0c8de91c625e8188e2') in 0.013023 seconds
  Import took 0.017578 seconds .

========================================================================
Received Import Request.
  Time since last request: 33.241111 seconds.
  path: Assets/Scenes/Game.unity
  artifactKey: Guid(058cadb79b4f7492fbe214ebeccf9cbb) Importer(815301076,1909f56bfc062723c751e8b465ee728b)
Start importing Assets/Scenes/Game.unity using Guid(058cadb79b4f7492fbe214ebeccf9cbb) Importer(815301076,1909f56bfc062723c751e8b465ee728b)  -> (artifact id: 'e09ceb5fbfb25f8191fa3ca40a26407c') in 0.004941 seconds
  Import took 0.013538 seconds .

========================================================================
Received Import Request.
  Time since last request: 13.438341 seconds.
  path: Assets/Scenes/Level2.unity
  artifactKey: Guid(b6a237c1d221d4b78ba00d0b4de06e77) Importer(815301076,1909f56bfc062723c751e8b465ee728b)
Start importing Assets/Scenes/Level2.unity using Guid(b6a237c1d221d4b78ba00d0b4de06e77) Importer(815301076,1909f56bfc062723c751e8b465ee728b)  -> (artifact id: '84e64d6d80e04b7cd891de51b66ce498') in 0.003480 seconds
  Import took 0.012027 seconds .

========================================================================
Received Prepare
Registering precompiled user dll's ...
Registered in 0.003717 seconds.
Begin MonoManager ReloadAssembly
Native extension for OSXStandalone target not found
Native extension for WebGL target not found
Refreshing native plugins compatible for Editor in 0.48 ms, found 2 plugins.
Preloading 0 native plugins for Editor in 0.00 ms.
Invoked RoslynAnalysisRunner static constructor.
RoslynAnalysisRunner will not be running.
RoslynAnalysisRunner has terminated.
Mono: successfully reloaded assembly
- Completed reload, in  1.501 seconds
Platform modules already initialized, skipping
Refreshing native plugins compatible for Editor in 0.52 ms, found 2 plugins.
Preloading 0 native plugins for Editor in 0.00 ms.
Unloading 1815 Unused Serialized files (Serialized files now loaded: 0)
System memory in use before: 144.5 MB.
System memory in use after: 144.5 MB.

Unloading 12 unused Assets to reduce memory usage. Loaded Objects now: 2286.
Total: 2.689542 ms (FindLiveObjects: 0.266808 ms CreateObjectMapping: 0.078448 ms MarkObjects: 2.184144 ms  DeleteObjects: 0.157651 ms)

========================================================================
Received Import Request.
  Time since last request: 36.305869 seconds.
  path: Assets/Scenes/Level2.unity
  artifactKey: Guid(b6a237c1d221d4b78ba00d0b4de06e77) Importer(815301076,1909f56bfc062723c751e8b465ee728b)
Start importing Assets/Scenes/Level2.unity using Guid(b6a237c1d221d4b78ba00d0b4de06e77) Importer(815301076,1909f56bfc062723c751e8b465ee728b)  -> (artifact id: 'fbf7e70a6f03622ac7ba3fe617d99e47') in 0.100718 seconds
  Import took 0.145624 seconds .

========================================================================
Received Import Request.
  Time since last request: 32.837019 seconds.
  path: Assets/Scenes/Level2.unity
  artifactKey: Guid(b6a237c1d221d4b78ba00d0b4de06e77) Importer(815301076,1909f56bfc062723c751e8b465ee728b)
Start importing Assets/Scenes/Level2.unity using Guid(b6a237c1d221d4b78ba00d0b4de06e77) Importer(815301076,1909f56bfc062723c751e8b465ee728b)  -> (artifact id: '2dd523133e115685bd725f46a0d07108') in 0.011701 seconds
  Import took 0.017739 seconds .

========================================================================
Received Prepare
Registering precompiled user dll's ...
Registered in 0.004447 seconds.
Begin MonoManager ReloadAssembly
Native extension for OSXStandalone target not found
Native extension for WebGL target not found
Refreshing native plugins compatible for Editor in 0.70 ms, found 2 plugins.
Preloading 0 native plugins for Editor in 0.00 ms.
Invoked RoslynAnalysisRunner static constructor.
RoslynAnalysisRunner will not be running.
RoslynAnalysisRunner has terminated.
Mono: successfully reloaded assembly
- Completed reload, in  2.200 seconds
Platform modules already initialized, skipping
Refreshing native plugins compatible for Editor in 0.77 ms, found 2 plugins.
Preloading 0 native plugins for Editor in 0.00 ms.
Unloading 1815 Unused Serialized files (Serialized files now loaded: 0)
System memory in use before: 144.7 MB.
System memory in use after: 144.7 MB.

Unloading 12 unused Assets to reduce memory usage. Loaded Objects now: 2290.
Total: 6.580419 ms (FindLiveObjects: 0.495240 ms CreateObjectMapping: 0.152947 ms MarkObjects: 5.497615 ms  DeleteObjects: 0.430141 ms)

========================================================================
Received Prepare
Registering precompiled user dll's ...
Registered in 0.005898 seconds.
Begin MonoManager ReloadAssembly
Native extension for OSXStandalone target not found
Native extension for WebGL target not found
Refreshing native plugins compatible for Editor in 0.57 ms, found 2 plugins.
Preloading 0 native plugins for Editor in 0.00 ms.
Invoked RoslynAnalysisRunner static constructor.
RoslynAnalysisRunner will not be running.
RoslynAnalysisRunner has terminated.
Mono: successfully reloaded assembly
- Completed reload, in  2.331 seconds
Platform modules already initialized, skipping
Refreshing native plugins compatible for Editor in 0.49 ms, found 2 plugins.
Preloading 0 native plugins for Editor in 0.00 ms.
Unloading 1815 Unused Serialized files (Serialized files now loaded: 0)
System memory in use before: 144.9 MB.
System memory in use after: 144.8 MB.

Unloading 12 unused Assets to reduce memory usage. Loaded Objects now: 2294.
Total: 4.251531 ms (FindLiveObjects: 0.376590 ms CreateObjectMapping: 0.114701 ms MarkObjects: 3.526931 ms  DeleteObjects: 0.229695 ms)

========================================================================
Received Prepare
Registering precompiled user dll's ...
Registered in 0.001923 seconds.
Begin MonoManager ReloadAssembly
Native extension for OSXStandalone target not found
Native extension for WebGL target not found
Refreshing native plugins compatible for Editor in 0.45 ms, found 2 plugins.
Preloading 0 native plugins for Editor in 0.00 ms.
Invoked RoslynAnalysisRunner static constructor.
RoslynAnalysisRunner will not be running.
RoslynAnalysisRunner has terminated.
Mono: successfully reloaded assembly
- Completed reload, in  1.849 seconds
Platform modules already initialized, skipping
Refreshing native plugins compatible for Editor in 0.46 ms, found 2 plugins.
Preloading 0 native plugins for Editor in 0.00 ms.
Unloading 1815 Unused Serialized files (Serialized files now loaded: 0)
System memory in use before: 145.1 MB.
System memory in use after: 145.1 MB.

Unloading 12 unused Assets to reduce memory usage. Loaded Objects now: 2298.
Total: 2.981738 ms (FindLiveObjects: 0.305026 ms CreateObjectMapping: 0.098431 ms MarkObjects: 2.406568 ms  DeleteObjects: 0.169671 ms)

========================================================================
Received Prepare
Registering precompiled user dll's ...
Registered in 0.004044 seconds.
Begin MonoManager ReloadAssembly
Native extension for OSXStandalone target not found
Native extension for WebGL target not found
Refreshing native plugins compatible for Editor in 0.54 ms, found 2 plugins.
Preloading 0 native plugins for Editor in 0.00 ms.
Invoked RoslynAnalysisRunner static constructor.
RoslynAnalysisRunner will not be running.
RoslynAnalysisRunner has terminated.
Mono: successfully reloaded assembly
- Completed reload, in  2.118 seconds
Platform modules already initialized, skipping
Refreshing native plugins compatible for Editor in 0.44 ms, found 2 plugins.
Preloading 0 native plugins for Editor in 0.00 ms.
Unloading 1815 Unused Serialized files (Serialized files now loaded: 0)
System memory in use before: 145.3 MB.
System memory in use after: 145.2 MB.

Unloading 12 unused Assets to reduce memory usage. Loaded Objects now: 2302.
Total: 2.979698 ms (FindLiveObjects: 0.282870 ms CreateObjectMapping: 0.078134 ms MarkObjects: 2.454415 ms  DeleteObjects: 0.162389 ms)

========================================================================
Received Prepare
Registering precompiled user dll's ...
Registered in 0.003572 seconds.
Begin MonoManager ReloadAssembly
Native extension for OSXStandalone target not found
Native extension for WebGL target not found
Refreshing native plugins compatible for Editor in 0.55 ms, found 2 plugins.
Preloading 0 native plugins for Editor in 0.00 ms.
Invoked RoslynAnalysisRunner static constructor.
RoslynAnalysisRunner will not be running.
RoslynAnalysisRunner has terminated.
Mono: successfully reloaded assembly
- Completed reload, in  1.571 seconds
Platform modules already initialized, skipping
Refreshing native plugins compatible for Editor in 0.41 ms, found 2 plugins.
Preloading 0 native plugins for Editor in 0.00 ms.
Unloading 1815 Unused Serialized files (Serialized files now loaded: 0)
System memory in use before: 145.5 MB.
System memory in use after: 145.5 MB.

Unloading 12 unused Assets to reduce memory usage. Loaded Objects now: 2306.
Total: 2.910399 ms (FindLiveObjects: 0.253157 ms CreateObjectMapping: 0.074838 ms MarkObjects: 2.350608 ms  DeleteObjects: 0.229182 ms)

========================================================================
Received Prepare
Registering precompiled user dll's ...
Registered in 0.004556 seconds.
Begin MonoManager ReloadAssembly
Native extension for OSXStandalone target not found
Native extension for WebGL target not found
Refreshing native plugins compatible for Editor in 0.42 ms, found 2 plugins.
Preloading 0 native plugins for Editor in 0.00 ms.
Invoked RoslynAnalysisRunner static constructor.
RoslynAnalysisRunner will not be running.
RoslynAnalysisRunner has terminated.
Mono: successfully reloaded assembly
- Completed reload, in  1.681 seconds
Platform modules already initialized, skipping
Refreshing native plugins compatible for Editor in 0.77 ms, found 2 plugins.
Preloading 0 native plugins for Editor in 0.00 ms.
Unloading 1815 Unused Serialized files (Serialized files now loaded: 0)
System memory in use before: 145.7 MB.
System memory in use after: 145.6 MB.

Unloading 12 unused Assets to reduce memory usage. Loaded Objects now: 2310.
Total: 5.005169 ms (FindLiveObjects: 0.379689 ms CreateObjectMapping: 0.085921 ms MarkObjects: 3.967815 ms  DeleteObjects: 0.567839 ms)

========================================================================
Received Prepare
Registering precompiled user dll's ...
Registered in 0.002913 seconds.
Begin MonoManager ReloadAssembly
Native extension for OSXStandalone target not found
Native extension for WebGL target not found
Refreshing native plugins compatible for Editor in 0.63 ms, found 2 plugins.
Preloading 0 native plugins for Editor in 0.00 ms.
Invoked RoslynAnalysisRunner static constructor.
RoslynAnalysisRunner will not be running.
RoslynAnalysisRunner has terminated.
Mono: successfully reloaded assembly
- Completed reload, in  1.837 seconds
Platform modules already initialized, skipping
Refreshing native plugins compatible for Editor in 0.42 ms, found 2 plugins.
Preloading 0 native plugins for Editor in 0.00 ms.
Unloading 1815 Unused Serialized files (Serialized files now loaded: 0)
System memory in use before: 145.9 MB.
System memory in use after: 145.9 MB.

Unloading 12 unused Assets to reduce memory usage. Loaded Objects now: 2314.
Total: 2.715979 ms (FindLiveObjects: 0.258580 ms CreateObjectMapping: 0.078453 ms MarkObjects: 2.210880 ms  DeleteObjects: 0.166034 ms)

========================================================================
Received Import Request.
  Time since last request: 461.449599 seconds.
  path: Assets/Level2.unity
  artifactKey: Guid(127e861c3aba341228110bd517263496) Importer(815301076,1909f56bfc062723c751e8b465ee728b)
Start importing Assets/Level2.unity using Guid(127e861c3aba341228110bd517263496) Importer(815301076,1909f56bfc062723c751e8b465ee728b)  -> (artifact id: '3ff54517245b042a62f5323e4f69c467') in 0.023361 seconds
  Import took 0.030904 seconds .

========================================================================
Received Import Request.
  Time since last request: 27.995065 seconds.
  path: Assets/Level3.unity
  artifactKey: Guid(ae32f3bb16eee437e93b4dc30b653811) Importer(815301076,1909f56bfc062723c751e8b465ee728b)
Start importing Assets/Level3.unity using Guid(ae32f3bb16eee437e93b4dc30b653811) Importer(815301076,1909f56bfc062723c751e8b465ee728b)  -> (artifact id: '1d9b101313efb98ba38693920e2507cf') in 0.009607 seconds
  Import took 0.019152 seconds .

========================================================================
Received Import Request.
  Time since last request: 11.373403 seconds.
  path: Assets/Scenes/Level2.unity
  artifactKey: Guid(b6a237c1d221d4b78ba00d0b4de06e77) Importer(815301076,1909f56bfc062723c751e8b465ee728b)
Start importing Assets/Scenes/Level2.unity using Guid(b6a237c1d221d4b78ba00d0b4de06e77) Importer(815301076,1909f56bfc062723c751e8b465ee728b)  -> (artifact id: 'b3acabcffc8a1d7e6d496cb689f4a5a5') in 0.003304 seconds
  Import took 0.011348 seconds .

========================================================================
Received Import Request.
  Time since last request: 1.194293 seconds.
  path: Assets/Scenes/Level3.unity
  artifactKey: Guid(e67289258c92f447c8ea59c0130c5fd5) Importer(815301076,1909f56bfc062723c751e8b465ee728b)
Start importing Assets/Scenes/Level3.unity using Guid(e67289258c92f447c8ea59c0130c5fd5) Importer(815301076,1909f56bfc062723c751e8b465ee728b)  -> (artifact id: 'a562147a0f6071331984d8ccff5158ef') in 0.007665 seconds
  Import took 0.013336 seconds .

========================================================================
Received Import Request.
  Time since last request: 13.884897 seconds.
  path: Assets/changes.unity
  artifactKey: Guid(b99550e7a96a94763a3787c8616a485d) Importer(815301076,1909f56bfc062723c751e8b465ee728b)
Start importing Assets/changes.unity using Guid(b99550e7a96a94763a3787c8616a485d) Importer(815301076,1909f56bfc062723c751e8b465ee728b)  -> (artifact id: 'e6a55ddc695dba9316b117c44d833a2e') in 0.004696 seconds
  Import took 0.011167 seconds .

========================================================================
Received Import Request.
  Time since last request: 19.479904 seconds.
  path: Assets/Scenes/Instructions.unity
  artifactKey: Guid(2cda990e2423bbf4892e6590ba056729) Importer(815301076,1909f56bfc062723c751e8b465ee728b)
Start importing Assets/Scenes/Instructions.unity using Guid(2cda990e2423bbf4892e6590ba056729) Importer(815301076,1909f56bfc062723c751e8b465ee728b)  -> (artifact id: '6b8c5577c222d7982e034a2bd2e36f9b') in 0.003167 seconds
  Import took 0.011294 seconds .

========================================================================
Received Prepare
Registering precompiled user dll's ...
Registered in 0.003516 seconds.
Begin MonoManager ReloadAssembly
Native extension for OSXStandalone target not found
Native extension for WebGL target not found
Refreshing native plugins compatible for Editor in 0.47 ms, found 2 plugins.
Preloading 0 native plugins for Editor in 0.00 ms.
Invoked RoslynAnalysisRunner static constructor.
RoslynAnalysisRunner will not be running.
RoslynAnalysisRunner has terminated.
Mono: successfully reloaded assembly
- Completed reload, in  1.411 seconds
Platform modules already initialized, skipping
Refreshing native plugins compatible for Editor in 0.51 ms, found 2 plugins.
Preloading 0 native plugins for Editor in 0.00 ms.
Unloading 1815 Unused Serialized files (Serialized files now loaded: 0)
System memory in use before: 146.1 MB.
System memory in use after: 146.1 MB.

Unloading 12 unused Assets to reduce memory usage. Loaded Objects now: 2318.
Total: 4.134927 ms (FindLiveObjects: 0.546021 ms CreateObjectMapping: 0.110190 ms MarkObjects: 3.049364 ms  DeleteObjects: 0.426548 ms)

========================================================================
Received Prepare
Registering precompiled user dll's ...
Registered in 0.003421 seconds.
Begin MonoManager ReloadAssembly
Native extension for OSXStandalone target not found
Native extension for WebGL target not found
Refreshing native plugins compatible for Editor in 0.42 ms, found 2 plugins.
Preloading 0 native plugins for Editor in 0.00 ms.
Invoked RoslynAnalysisRunner static constructor.
RoslynAnalysisRunner will not be running.
RoslynAnalysisRunner has terminated.
Mono: successfully reloaded assembly
- Completed reload, in  1.333 seconds
Platform modules already initialized, skipping
Refreshing native plugins compatible for Editor in 0.57 ms, found 2 plugins.
Preloading 0 native plugins for Editor in 0.00 ms.
Unloading 1815 Unused Serialized files (Serialized files now loaded: 0)
System memory in use before: 146.3 MB.
System memory in use after: 146.3 MB.

Unloading 12 unused Assets to reduce memory usage. Loaded Objects now: 2322.
Total: 4.440588 ms (FindLiveObjects: 0.677042 ms CreateObjectMapping: 0.149903 ms MarkObjects: 3.326084 ms  DeleteObjects: 0.280126 ms)

========================================================================
Received Prepare
Registering precompiled user dll's ...
Registered in 0.003582 seconds.
Begin MonoManager ReloadAssembly
Native extension for OSXStandalone target not found
Native extension for WebGL target not found
Refreshing native plugins compatible for Editor in 0.39 ms, found 2 plugins.
Preloading 0 native plugins for Editor in 0.00 ms.
Invoked RoslynAnalysisRunner static constructor.
RoslynAnalysisRunner will not be running.
RoslynAnalysisRunner has terminated.
Mono: successfully reloaded assembly
- Completed reload, in  1.333 seconds
Platform modules already initialized, skipping
Refreshing native plugins compatible for Editor in 0.41 ms, found 2 plugins.
Preloading 0 native plugins for Editor in 0.00 ms.
Unloading 1815 Unused Serialized files (Serialized files now loaded: 0)
System memory in use before: 146.5 MB.
System memory in use after: 146.5 MB.

Unloading 12 unused Assets to reduce memory usage. Loaded Objects now: 2326.
Total: 2.516741 ms (FindLiveObjects: 0.202371 ms CreateObjectMapping: 0.060986 ms MarkObjects: 2.102911 ms  DeleteObjects: 0.144348 ms)

========================================================================
Received Prepare
Registering precompiled user dll's ...
Registered in 0.006150 seconds.
Begin MonoManager ReloadAssembly
Native extension for OSXStandalone target not found
Native extension for WebGL target not found
Refreshing native plugins compatible for Editor in 0.37 ms, found 2 plugins.
Preloading 0 native plugins for Editor in 0.00 ms.
Invoked RoslynAnalysisRunner static constructor.
RoslynAnalysisRunner will not be running.
RoslynAnalysisRunner has terminated.
Mono: successfully reloaded assembly
- Completed reload, in  1.411 seconds
Platform modules already initialized, skipping
Refreshing native plugins compatible for Editor in 0.67 ms, found 2 plugins.
Preloading 0 native plugins for Editor in 0.00 ms.
Unloading 1815 Unused Serialized files (Serialized files now loaded: 0)
System memory in use before: 146.7 MB.
System memory in use after: 146.7 MB.

Unloading 12 unused Assets to reduce memory usage. Loaded Objects now: 2330.
Total: 5.293928 ms (FindLiveObjects: 0.749632 ms CreateObjectMapping: 0.171760 ms MarkObjects: 4.047071 ms  DeleteObjects: 0.321434 ms)

========================================================================
Received Prepare
Registering precompiled user dll's ...
Registered in 0.004002 seconds.
Begin MonoManager ReloadAssembly
Native extension for OSXStandalone target not found
Native extension for WebGL target not found
Refreshing native plugins compatible for Editor in 0.54 ms, found 2 plugins.
Preloading 0 native plugins for Editor in 0.00 ms.
Invoked RoslynAnalysisRunner static constructor.
RoslynAnalysisRunner will not be running.
RoslynAnalysisRunner has terminated.
Mono: successfully reloaded assembly
- Completed reload, in  1.984 seconds
Platform modules already initialized, skipping
Refreshing native plugins compatible for Editor in 0.80 ms, found 2 plugins.
Preloading 0 native plugins for Editor in 0.00 ms.
Unloading 1815 Unused Serialized files (Serialized files now loaded: 0)
System memory in use before: 146.9 MB.
System memory in use after: 146.9 MB.

Unloading 12 unused Assets to reduce memory usage. Loaded Objects now: 2334.
Total: 6.301758 ms (FindLiveObjects: 0.516308 ms CreateObjectMapping: 0.109934 ms MarkObjects: 5.053063 ms  DeleteObjects: 0.617552 ms)

========================================================================
Received Prepare
Registering precompiled user dll's ...
Registered in 0.004188 seconds.
Begin MonoManager ReloadAssembly
Native extension for OSXStandalone target not found
Native extension for WebGL target not found
Refreshing native plugins compatible for Editor in 0.37 ms, found 2 plugins.
Preloading 0 native plugins for Editor in 0.00 ms.
Invoked RoslynAnalysisRunner static constructor.
RoslynAnalysisRunner will not be running.
RoslynAnalysisRunner has terminated.
Mono: successfully reloaded assembly
- Completed reload, in  1.374 seconds
Platform modules already initialized, skipping
Refreshing native plugins compatible for Editor in 0.62 ms, found 2 plugins.
Preloading 0 native plugins for Editor in 0.00 ms.
Unloading 1815 Unused Serialized files (Serialized files now loaded: 0)
System memory in use before: 147.1 MB.
System memory in use after: 147.1 MB.

Unloading 12 unused Assets to reduce memory usage. Loaded Objects now: 2338.
Total: 3.593713 ms (FindLiveObjects: 0.368549 ms CreateObjectMapping: 0.138391 ms MarkObjects: 2.905107 ms  DeleteObjects: 0.179167 ms)

========================================================================
Received Import Request.
  Time since last request: 724.325144 seconds.
  path: Assets/Scenes/Level2.unity
  artifactKey: Guid(b6a237c1d221d4b78ba00d0b4de06e77) Importer(815301076,1909f56bfc062723c751e8b465ee728b)
Start importing Assets/Scenes/Level2.unity using Guid(b6a237c1d221d4b78ba00d0b4de06e77) Importer(815301076,1909f56bfc062723c751e8b465ee728b)  -> (artifact id: '3db4729e35ee8595e8bbd917197465df') in 0.027903 seconds
  Import took 0.034529 seconds .

========================================================================
Received Import Request.
  Time since last request: 75.868736 seconds.
  path: Assets/Scenes/Level3.unity
  artifactKey: Guid(e67289258c92f447c8ea59c0130c5fd5) Importer(815301076,1909f56bfc062723c751e8b465ee728b)
Start importing Assets/Scenes/Level3.unity using Guid(e67289258c92f447c8ea59c0130c5fd5) Importer(815301076,1909f56bfc062723c751e8b465ee728b)  -> (artifact id: '651018dc28ad27e3f2fa13b6936a4c10') in 0.011103 seconds
  Import took 0.047098 seconds .

========================================================================
Received Prepare
Registering precompiled user dll's ...
Registered in 0.002959 seconds.
Begin MonoManager ReloadAssembly
Native extension for OSXStandalone target not found
Native extension for WebGL target not found
Refreshing native plugins compatible for Editor in 0.40 ms, found 2 plugins.
Preloading 0 native plugins for Editor in 0.00 ms.
Invoked RoslynAnalysisRunner static constructor.
RoslynAnalysisRunner will not be running.
RoslynAnalysisRunner has terminated.
Mono: successfully reloaded assembly
- Completed reload, in  1.375 seconds
Platform modules already initialized, skipping
Refreshing native plugins compatible for Editor in 0.43 ms, found 2 plugins.
Preloading 0 native plugins for Editor in 0.00 ms.
Unloading 1815 Unused Serialized files (Serialized files now loaded: 0)
System memory in use before: 147.3 MB.
System memory in use after: 147.3 MB.

Unloading 12 unused Assets to reduce memory usage. Loaded Objects now: 2342.
Total: 3.352679 ms (FindLiveObjects: 0.388497 ms CreateObjectMapping: 0.100627 ms MarkObjects: 2.663944 ms  DeleteObjects: 0.197418 ms)

========================================================================
Received Prepare
Registering precompiled user dll's ...
Registered in 0.001659 seconds.
Begin MonoManager ReloadAssembly
Native extension for OSXStandalone target not found
Native extension for WebGL target not found
Refreshing native plugins compatible for Editor in 0.49 ms, found 2 plugins.
Preloading 0 native plugins for Editor in 0.00 ms.
Invoked RoslynAnalysisRunner static constructor.
RoslynAnalysisRunner will not be running.
RoslynAnalysisRunner has terminated.
Mono: successfully reloaded assembly
- Completed reload, in  1.863 seconds
Platform modules already initialized, skipping
Refreshing native plugins compatible for Editor in 0.44 ms, found 2 plugins.
Preloading 0 native plugins for Editor in 0.00 ms.
Unloading 1815 Unused Serialized files (Serialized files now loaded: 0)
System memory in use before: 147.6 MB.
System memory in use after: 147.5 MB.

Unloading 12 unused Assets to reduce memory usage. Loaded Objects now: 2346.
Total: 2.972580 ms (FindLiveObjects: 0.363284 ms CreateObjectMapping: 0.076812 ms MarkObjects: 2.334546 ms  DeleteObjects: 0.195767 ms)

========================================================================
Received Import Request.
  Time since last request: 69.031425 seconds.
  path: Assets/Scenes/Level3.unity
  artifactKey: Guid(e67289258c92f447c8ea59c0130c5fd5) Importer(815301076,1909f56bfc062723c751e8b465ee728b)
Start importing Assets/Scenes/Level3.unity using Guid(e67289258c92f447c8ea59c0130c5fd5) Importer(815301076,1909f56bfc062723c751e8b465ee728b)  -> (artifact id: '9f03b83f01ceaffce286a77481890ad9') in 0.022862 seconds
  Import took 0.029626 seconds .

========================================================================
Received Import Request.
  Time since last request: 33.315224 seconds.
  path: Assets/Scenes/Level2.unity
  artifactKey: Guid(b6a237c1d221d4b78ba00d0b4de06e77) Importer(815301076,1909f56bfc062723c751e8b465ee728b)
Start importing Assets/Scenes/Level2.unity using Guid(b6a237c1d221d4b78ba00d0b4de06e77) Importer(815301076,1909f56bfc062723c751e8b465ee728b)  -> (artifact id: 'f4ab18922536303b0b5edc38cf766005') in 0.019436 seconds
  Import took 0.028797 seconds .

========================================================================
Received Prepare
Registering precompiled user dll's ...
Registered in 0.001839 seconds.
Begin MonoManager ReloadAssembly
Native extension for OSXStandalone target not found
Native extension for WebGL target not found
Refreshing native plugins compatible for Editor in 0.45 ms, found 2 plugins.
Preloading 0 native plugins for Editor in 0.00 ms.
Invoked RoslynAnalysisRunner static constructor.
RoslynAnalysisRunner will not be running.
RoslynAnalysisRunner has terminated.
Mono: successfully reloaded assembly
- Completed reload, in  1.705 seconds
Platform modules already initialized, skipping
Refreshing native plugins compatible for Editor in 0.48 ms, found 2 plugins.
Preloading 0 native plugins for Editor in 0.00 ms.
Unloading 1815 Unused Serialized files (Serialized files now loaded: 0)
System memory in use before: 147.7 MB.
System memory in use after: 147.7 MB.

Unloading 12 unused Assets to reduce memory usage. Loaded Objects now: 2350.
Total: 3.288302 ms (FindLiveObjects: 0.435304 ms CreateObjectMapping: 0.095208 ms MarkObjects: 2.525604 ms  DeleteObjects: 0.229924 ms)

========================================================================
Received Import Request.
  Time since last request: 97.509454 seconds.
  path: Assets/Scenes/Level2.unity
  artifactKey: Guid(b6a237c1d221d4b78ba00d0b4de06e77) Importer(815301076,1909f56bfc062723c751e8b465ee728b)
Start importing Assets/Scenes/Level2.unity using Guid(b6a237c1d221d4b78ba00d0b4de06e77) Importer(815301076,1909f56bfc062723c751e8b465ee728b)  -> (artifact id: 'e9e4bc1a025d54f89f201712619618cd') in 0.027809 seconds
  Import took 0.034328 seconds .

========================================================================
Received Prepare
Registering precompiled user dll's ...
Registered in 0.003200 seconds.
Begin MonoManager ReloadAssembly
Native extension for OSXStandalone target not found
Native extension for WebGL target not found
Refreshing native plugins compatible for Editor in 0.43 ms, found 2 plugins.
Preloading 0 native plugins for Editor in 0.00 ms.
Invoked RoslynAnalysisRunner static constructor.
RoslynAnalysisRunner will not be running.
RoslynAnalysisRunner has terminated.
Mono: successfully reloaded assembly
- Completed reload, in  1.292 seconds
Platform modules already initialized, skipping
Refreshing native plugins compatible for Editor in 0.44 ms, found 2 plugins.
Preloading 0 native plugins for Editor in 0.00 ms.
Unloading 1815 Unused Serialized files (Serialized files now loaded: 0)
System memory in use before: 148.0 MB.
System memory in use after: 148.0 MB.

Unloading 12 unused Assets to reduce memory usage. Loaded Objects now: 2354.
Total: 2.916344 ms (FindLiveObjects: 0.332065 ms CreateObjectMapping: 0.157907 ms MarkObjects: 2.270273 ms  DeleteObjects: 0.154156 ms)

========================================================================
Received Import Request.
  Time since last request: 28.567534 seconds.
  path: Assets/Scenes/Level2.unity
  artifactKey: Guid(b6a237c1d221d4b78ba00d0b4de06e77) Importer(815301076,1909f56bfc062723c751e8b465ee728b)
Start importing Assets/Scenes/Level2.unity using Guid(b6a237c1d221d4b78ba00d0b4de06e77) Importer(815301076,1909f56bfc062723c751e8b465ee728b)  -> (artifact id: '82e5ade7c3735b4d4b3355a2859209e1') in 0.030157 seconds
  Import took 0.036035 seconds .

========================================================================
Received Import Request.
  Time since last request: 9.840567 seconds.
  path: Assets/Scenes/Level3.unity
  artifactKey: Guid(e67289258c92f447c8ea59c0130c5fd5) Importer(815301076,1909f56bfc062723c751e8b465ee728b)
Start importing Assets/Scenes/Level3.unity using Guid(e67289258c92f447c8ea59c0130c5fd5) Importer(815301076,1909f56bfc062723c751e8b465ee728b)  -> (artifact id: '53a53c1cdebdde68c94ebd44c96a2c19') in 0.016146 seconds
  Import took 0.022834 seconds .

========================================================================
Received Import Request.
  Time since last request: 21.888499 seconds.
  path: Assets/Scenes/Level2.unity
  artifactKey: Guid(b6a237c1d221d4b78ba00d0b4de06e77) Importer(815301076,1909f56bfc062723c751e8b465ee728b)
Start importing Assets/Scenes/Level2.unity using Guid(b6a237c1d221d4b78ba00d0b4de06e77) Importer(815301076,1909f56bfc062723c751e8b465ee728b)  -> (artifact id: '4ce7b13db805a86100913333a06621a0') in 0.003981 seconds
  Import took 0.010095 seconds .

========================================================================
Received Import Request.
  Time since last request: 0.021250 seconds.
  path: Assets/Scenes/Level2.unity
  artifactKey: Guid(b6a237c1d221d4b78ba00d0b4de06e77) Importer(815301076,1909f56bfc062723c751e8b465ee728b)
Start importing Assets/Scenes/Level2.unity using Guid(b6a237c1d221d4b78ba00d0b4de06e77) Importer(815301076,1909f56bfc062723c751e8b465ee728b)  -> (artifact id: '4ce7b13db805a86100913333a06621a0') in 0.001762 seconds
  Import took 0.006453 seconds .

========================================================================
Received Prepare
Registering precompiled user dll's ...
Registered in 0.001967 seconds.
Begin MonoManager ReloadAssembly
Native extension for OSXStandalone target not found
Native extension for WebGL target not found
Refreshing native plugins compatible for Editor in 0.46 ms, found 2 plugins.
Preloading 0 native plugins for Editor in 0.00 ms.
Invoked RoslynAnalysisRunner static constructor.
RoslynAnalysisRunner will not be running.
RoslynAnalysisRunner has terminated.
Mono: successfully reloaded assembly
- Completed reload, in  1.328 seconds
Platform modules already initialized, skipping
Refreshing native plugins compatible for Editor in 0.48 ms, found 2 plugins.
Preloading 0 native plugins for Editor in 0.00 ms.
Unloading 1815 Unused Serialized files (Serialized files now loaded: 0)
System memory in use before: 148.2 MB.
System memory in use after: 148.1 MB.

Unloading 12 unused Assets to reduce memory usage. Loaded Objects now: 2358.
Total: 3.873314 ms (FindLiveObjects: 0.311468 ms CreateObjectMapping: 0.097753 ms MarkObjects: 3.198705 ms  DeleteObjects: 0.262454 ms)

========================================================================
Received Prepare
Registering precompiled user dll's ...
Registered in 0.003405 seconds.
Begin MonoManager ReloadAssembly
Native extension for OSXStandalone target not found
Native extension for WebGL target not found
Refreshing native plugins compatible for Editor in 0.55 ms, found 2 plugins.
Preloading 0 native plugins for Editor in 0.00 ms.
Invoked RoslynAnalysisRunner static constructor.
RoslynAnalysisRunner will not be running.
RoslynAnalysisRunner has terminated.
Mono: successfully reloaded assembly
- Completed reload, in  1.765 seconds
Platform modules already initialized, skipping
Refreshing native plugins compatible for Editor in 0.45 ms, found 2 plugins.
Preloading 0 native plugins for Editor in 0.00 ms.
Unloading 1815 Unused Serialized files (Serialized files now loaded: 0)
System memory in use before: 148.4 MB.
System memory in use after: 148.4 MB.

Unloading 12 unused Assets to reduce memory usage. Loaded Objects now: 2362.
Total: 2.612351 ms (FindLiveObjects: 0.315817 ms CreateObjectMapping: 0.073433 ms MarkObjects: 2.060530 ms  DeleteObjects: 0.160439 ms)

